<?xml version="1.0" encoding="UTF-8"?>
<!-- Generated by org.testng.reporters.JUnitXMLReporter -->
<testsuite ignored="0" hostname="DESKTOP-C89KGQR" failures="1" tests="4" name="Test" time="701.325" errors="0" timestamp="2021-01-26T13:18:57 IST">
  <testcase classname="FrameworkE2E.GetTitle" name="courses" time="1.877">
    <failure type="java.lang.AssertionError" message="expected:&amp;lt;FEATURED COURSES&amp;gt; but was:&amp;lt;FEATURED COURSES123&amp;gt;">
      <![CDATA[java.lang.AssertionError: expected:<FEATURED COURSES> but was:<FEATURED COURSES123>
at FrameworkE2E.GetTitle.courses(GetTitle.java:46)
at java.base/java.util.ArrayList.forEach(ArrayList.java:1511)
... Removed 29 stack frames]]>
    </failure>
  </testcase> <!-- courses -->
  <testcase classname="FrameworkE2E.HomePage" name="basePageNavigation" time="274.223"/>
  <testcase classname="FrameworkE2E.HomePage" name="basePageNavigation" time="128.766"/>
  <testcase classname="FrameworkE2E.ValidateNavigationBar" name="basePageNavigation" time="13.388"/>
</testsuite> <!-- Test -->
