<?xml version="1.0" encoding="UTF-8"?>
<!-- Generated by org.testng.reporters.JUnitXMLReporter -->
<testsuite ignored="0" hostname="DESKTOP-C89KGQR" failures="1" tests="1" name="Validating User login" time="105.073" errors="0" timestamp="2021-01-28T17:43:59 IST">
  <testcase classname="FrameworkE2E.GetTitle" name="courses" time="0.4">
    <failure type="java.lang.AssertionError" message="expected:&amp;lt;FEATURED COURSES&amp;gt; but was:&amp;lt;FEATURED COURSES123&amp;gt;">
      <![CDATA[java.lang.AssertionError: expected:<FEATURED COURSES> but was:<FEATURED COURSES123>
at FrameworkE2E.GetTitle.courses(GetTitle.java:46)
at java.base/java.util.ArrayList.forEach(ArrayList.java:1511)
... Removed 33 stack frames]]>
    </failure>
  </testcase> <!-- courses -->
</testsuite> <!-- Validating User login -->
